The system is: Linux - 4.18.0-147.el8.x86_64 - x86_64
Compiling the C compiler identification source file "CMakeCCompilerId.c" succeeded.
Compiler: /opt/ArmLinuxSdk53/gcc-arm-linux-gnueabihf/bin/arm-linux-gnueabihf-gcc -mcpu=cortex-a9
Build flags: ;-O2;-pipe;-g
Id flags:  

The output was:
0


Compilation of the C compiler identification source "CMakeCCompilerId.c" produced "a.out"

The C compiler identification is GNU, found in "/home/fchuanlin/datamodule/protocol/SimensCnc/Simens/libsiemenscnc/build/CMakeFiles/3.11.4/CompilerIdC/a.out"

Compiling the CXX compiler identification source file "CMakeCXXCompilerId.cpp" succeeded.
Compiler: /opt/ArmLinuxSdk53/gcc-arm-linux-gnueabihf/bin/arm-linux-gnueabihf-g++ -mcpu=cortex-a9
Build flags: ;-O2;-pipe;-g;
Id flags:  

The output was:
0


Compilation of the CXX compiler identification source "CMakeCXXCompilerId.cpp" produced "a.out"

The CXX compiler identification is GNU, found in "/home/fchuanlin/datamodule/protocol/SimensCnc/Simens/libsiemenscnc/build/CMakeFiles/3.11.4/CompilerIdCXX/a.out"

Determining if the C compiler works passed with the following output:
Change Dir: /home/fchuanlin/datamodule/protocol/SimensCnc/Simens/libsiemenscnc/build/CMakeFiles/CMakeTmp

Run Build Command:"/usr/bin/gmake" "cmTC_e1b9f/fast"
/usr/bin/gmake -f CMakeFiles/cmTC_e1b9f.dir/build.make CMakeFiles/cmTC_e1b9f.dir/build
gmake[1]: Entering directory '/home/fchuanlin/datamodule/protocol/SimensCnc/Simens/libsiemenscnc/build/CMakeFiles/CMakeTmp'
Building C object CMakeFiles/cmTC_e1b9f.dir/testCCompiler.c.o
/opt/ArmLinuxSdk53/gcc-arm-linux-gnueabihf/bin/arm-linux-gnueabihf-gcc  -mcpu=cortex-a9   -O2 -pipe -g    -o CMakeFiles/cmTC_e1b9f.dir/testCCompiler.c.o   -c /home/fchuanlin/datamodule/protocol/SimensCnc/Simens/libsiemenscnc/build/CMakeFiles/CMakeTmp/testCCompiler.c
Linking C executable cmTC_e1b9f
/usr/bin/cmake -E cmake_link_script CMakeFiles/cmTC_e1b9f.dir/link.txt --verbose=1
/opt/ArmLinuxSdk53/gcc-arm-linux-gnueabihf/bin/arm-linux-gnueabihf-gcc  -mcpu=cortex-a9 -O2 -pipe -g   -Wl,-O1 -Wl,--hash-style=gnu -Wl,--as-needed  CMakeFiles/cmTC_e1b9f.dir/testCCompiler.c.o  -o cmTC_e1b9f 
gmake[1]: Leaving directory '/home/fchuanlin/datamodule/protocol/SimensCnc/Simens/libsiemenscnc/build/CMakeFiles/CMakeTmp'


Detecting C compiler ABI info compiled with the following output:
Change Dir: /home/fchuanlin/datamodule/protocol/SimensCnc/Simens/libsiemenscnc/build/CMakeFiles/CMakeTmp

Run Build Command:"/usr/bin/gmake" "cmTC_60285/fast"
/usr/bin/gmake -f CMakeFiles/cmTC_60285.dir/build.make CMakeFiles/cmTC_60285.dir/build
gmake[1]: Entering directory '/home/fchuanlin/datamodule/protocol/SimensCnc/Simens/libsiemenscnc/build/CMakeFiles/CMakeTmp'
Building C object CMakeFiles/cmTC_60285.dir/CMakeCCompilerABI.c.o
/opt/ArmLinuxSdk53/gcc-arm-linux-gnueabihf/bin/arm-linux-gnueabihf-gcc  -mcpu=cortex-a9   -O2 -pipe -g    -o CMakeFiles/cmTC_60285.dir/CMakeCCompilerABI.c.o   -c /usr/share/cmake/Modules/CMakeCCompilerABI.c
Linking C executable cmTC_60285
/usr/bin/cmake -E cmake_link_script CMakeFiles/cmTC_60285.dir/link.txt --verbose=1
/opt/ArmLinuxSdk53/gcc-arm-linux-gnueabihf/bin/arm-linux-gnueabihf-gcc  -mcpu=cortex-a9 -O2 -pipe -g   -Wl,-O1 -Wl,--hash-style=gnu -Wl,--as-needed -v CMakeFiles/cmTC_60285.dir/CMakeCCompilerABI.c.o  -o cmTC_60285 
Using built-in specs.
COLLECT_GCC=/opt/ArmLinuxSdk53/gcc-arm-linux-gnueabihf/bin/arm-linux-gnueabihf-gcc
COLLECT_LTO_WRAPPER=/opt/ArmLinuxSdk53/gcc-arm-linux-gnueabihf/bin/../libexec/gcc/arm-linux-gnueabihf/5.3.1/lto-wrapper
Target: arm-linux-gnueabihf
Configured with: /home/tcwg-buildslave/workspace/tcwg-make-release/label/docker-trusty-amd64-tcwg/target/arm-linux-gnueabihf/snapshots/gcc-linaro-5.3-2016.05/configure SHELL=/bin/bash --with-mpc=/home/tcwg-buildslave/workspace/tcwg-make-release/label/docker-trusty-amd64-tcwg/target/arm-linux-gnueabihf/_build/builds/destdir/x86_64-unknown-linux-gnu --with-mpfr=/home/tcwg-buildslave/workspace/tcwg-make-release/label/docker-trusty-amd64-tcwg/target/arm-linux-gnueabihf/_build/builds/destdir/x86_64-unknown-linux-gnu --with-gmp=/home/tcwg-buildslave/workspace/tcwg-make-release/label/docker-trusty-amd64-tcwg/target/arm-linux-gnueabihf/_build/builds/destdir/x86_64-unknown-linux-gnu --with-gnu-as --with-gnu-ld --disable-libstdcxx-pch --disable-libmudflap --with-cloog=no --with-ppl=no --with-isl=no --disable-nls --enable-c99 --with-tune=cortex-a9 --with-arch=armv7-a --with-fpu=vfpv3-d16 --with-float=hard --with-mode=thumb --disable-multilib --enable-multiarch --with-build-sysroot=/home/tcwg-buildslave/workspace/tcwg-make-release/label/docker-trusty-amd64-tcwg/target/arm-linux-gnueabihf/_build/sysroots/arm-linux-gnueabihf --enable-lto --enable-linker-build-id --enable-long-long --enable-shared --with-sysroot=/home/tcwg-buildslave/workspace/tcwg-make-release/label/docker-trusty-amd64-tcwg/target/arm-linux-gnueabihf/_build/builds/destdir/x86_64-unknown-linux-gnu/arm-linux-gnueabihf/libc --enable-languages=c,c++,fortran,lto --enable-checking=release --disable-bootstrap --build=x86_64-unknown-linux-gnu --host=x86_64-unknown-linux-gnu --target=arm-linux-gnueabihf --prefix=/home/tcwg-buildslave/workspace/tcwg-make-release/label/docker-trusty-amd64-tcwg/target/arm-linux-gnueabihf/_build/builds/destdir/x86_64-unknown-linux-gnu
Thread model: posix
gcc version 5.3.1 20160412 (Linaro GCC 5.3-2016.05) 
COMPILER_PATH=/opt/ArmLinuxSdk53/gcc-arm-linux-gnueabihf/bin/../libexec/gcc/arm-linux-gnueabihf/5.3.1/:/opt/ArmLinuxSdk53/gcc-arm-linux-gnueabihf/bin/../libexec/gcc/arm-linux-gnueabihf/:/opt/ArmLinuxSdk53/gcc-arm-linux-gnueabihf/bin/../libexec/gcc/:/opt/ArmLinuxSdk53/gcc-arm-linux-gnueabihf/bin/../lib/gcc/arm-linux-gnueabihf/5.3.1/../../../../arm-linux-gnueabihf/bin/
LIBRARY_PATH=/opt/ArmLinuxSdk53/gcc-arm-linux-gnueabihf/bin/../lib/gcc/arm-linux-gnueabihf/5.3.1/:/opt/ArmLinuxSdk53/gcc-arm-linux-gnueabihf/bin/../lib/gcc/arm-linux-gnueabihf/:/opt/ArmLinuxSdk53/gcc-arm-linux-gnueabihf/bin/../lib/gcc/:/opt/ArmLinuxSdk53/gcc-arm-linux-gnueabihf/bin/../lib/gcc/arm-linux-gnueabihf/5.3.1/../../../../arm-linux-gnueabihf/lib/:/opt/ArmLinuxSdk53/gcc-arm-linux-gnueabihf/bin/../arm-linux-gnueabihf/libc/lib/:/opt/ArmLinuxSdk53/gcc-arm-linux-gnueabihf/bin/../arm-linux-gnueabihf/libc/usr/lib/
COLLECT_GCC_OPTIONS='-mcpu=cortex-a9' '-O2' '-pipe' '-g' '-v' '-o' 'cmTC_60285' '-mfloat-abi=hard' '-mfpu=vfpv3-d16' '-mthumb' '-mtls-dialect=gnu'
 /opt/ArmLinuxSdk53/gcc-arm-linux-gnueabihf/bin/../libexec/gcc/arm-linux-gnueabihf/5.3.1/collect2 -plugin /opt/ArmLinuxSdk53/gcc-arm-linux-gnueabihf/bin/../libexec/gcc/arm-linux-gnueabihf/5.3.1/liblto_plugin.so -plugin-opt=/opt/ArmLinuxSdk53/gcc-arm-linux-gnueabihf/bin/../libexec/gcc/arm-linux-gnueabihf/5.3.1/lto-wrapper -plugin-opt=-fresolution=/tmp/ccS1F2hy.res -plugin-opt=-pass-through=-lgcc -plugin-opt=-pass-through=-lgcc_s -plugin-opt=-pass-through=-lc -plugin-opt=-pass-through=-lgcc -plugin-opt=-pass-through=-lgcc_s --sysroot=/opt/ArmLinuxSdk53/gcc-arm-linux-gnueabihf/bin/../arm-linux-gnueabihf/libc --build-id --eh-frame-hdr -dynamic-linker /lib/ld-linux-armhf.so.3 -X -m armelf_linux_eabi -o cmTC_60285 /opt/ArmLinuxSdk53/gcc-arm-linux-gnueabihf/bin/../arm-linux-gnueabihf/libc/usr/lib/crt1.o /opt/ArmLinuxSdk53/gcc-arm-linux-gnueabihf/bin/../arm-linux-gnueabihf/libc/usr/lib/crti.o /opt/ArmLinuxSdk53/gcc-arm-linux-gnueabihf/bin/../lib/gcc/arm-linux-gnueabihf/5.3.1/crtbegin.o -L/opt/ArmLinuxSdk53/gcc-arm-linux-gnueabihf/bin/../lib/gcc/arm-linux-gnueabihf/5.3.1 -L/opt/ArmLinuxSdk53/gcc-arm-linux-gnueabihf/bin/../lib/gcc/arm-linux-gnueabihf -L/opt/ArmLinuxSdk53/gcc-arm-linux-gnueabihf/bin/../lib/gcc -L/opt/ArmLinuxSdk53/gcc-arm-linux-gnueabihf/bin/../lib/gcc/arm-linux-gnueabihf/5.3.1/../../../../arm-linux-gnueabihf/lib -L/opt/ArmLinuxSdk53/gcc-arm-linux-gnueabihf/bin/../arm-linux-gnueabihf/libc/lib -L/opt/ArmLinuxSdk53/gcc-arm-linux-gnueabihf/bin/../arm-linux-gnueabihf/libc/usr/lib -O1 --hash-style=gnu --as-needed CMakeFiles/cmTC_60285.dir/CMakeCCompilerABI.c.o -lgcc --as-needed -lgcc_s --no-as-needed -lc -lgcc --as-needed -lgcc_s --no-as-needed /opt/ArmLinuxSdk53/gcc-arm-linux-gnueabihf/bin/../lib/gcc/arm-linux-gnueabihf/5.3.1/crtend.o /opt/ArmLinuxSdk53/gcc-arm-linux-gnueabihf/bin/../arm-linux-gnueabihf/libc/usr/lib/crtn.o
gmake[1]: Leaving directory '/home/fchuanlin/datamodule/protocol/SimensCnc/Simens/libsiemenscnc/build/CMakeFiles/CMakeTmp'


Parsed C implicit link information from above output:
  link line regex: [^( *|.*[/\])(ld|CMAKE_LINK_STARTFILE-NOTFOUND|([^/\]+-)?ld|collect2)[^/\]*( |$)]
  ignore line: [Change Dir: /home/fchuanlin/datamodule/protocol/SimensCnc/Simens/libsiemenscnc/build/CMakeFiles/CMakeTmp]
  ignore line: []
  ignore line: [Run Build Command:"/usr/bin/gmake" "cmTC_60285/fast"]
  ignore line: [/usr/bin/gmake -f CMakeFiles/cmTC_60285.dir/build.make CMakeFiles/cmTC_60285.dir/build]
  ignore line: [gmake[1]: Entering directory '/home/fchuanlin/datamodule/protocol/SimensCnc/Simens/libsiemenscnc/build/CMakeFiles/CMakeTmp']
  ignore line: [Building C object CMakeFiles/cmTC_60285.dir/CMakeCCompilerABI.c.o]
  ignore line: [/opt/ArmLinuxSdk53/gcc-arm-linux-gnueabihf/bin/arm-linux-gnueabihf-gcc  -mcpu=cortex-a9   -O2 -pipe -g    -o CMakeFiles/cmTC_60285.dir/CMakeCCompilerABI.c.o   -c /usr/share/cmake/Modules/CMakeCCompilerABI.c]
  ignore line: [Linking C executable cmTC_60285]
  ignore line: [/usr/bin/cmake -E cmake_link_script CMakeFiles/cmTC_60285.dir/link.txt --verbose=1]
  ignore line: [/opt/ArmLinuxSdk53/gcc-arm-linux-gnueabihf/bin/arm-linux-gnueabihf-gcc  -mcpu=cortex-a9 -O2 -pipe -g   -Wl,-O1 -Wl,--hash-style=gnu -Wl,--as-needed -v CMakeFiles/cmTC_60285.dir/CMakeCCompilerABI.c.o  -o cmTC_60285 ]
  ignore line: [Using built-in specs.]
  ignore line: [COLLECT_GCC=/opt/ArmLinuxSdk53/gcc-arm-linux-gnueabihf/bin/arm-linux-gnueabihf-gcc]
  ignore line: [COLLECT_LTO_WRAPPER=/opt/ArmLinuxSdk53/gcc-arm-linux-gnueabihf/bin/../libexec/gcc/arm-linux-gnueabihf/5.3.1/lto-wrapper]
  ignore line: [Target: arm-linux-gnueabihf]
  ignore line: [Configured with: /home/tcwg-buildslave/workspace/tcwg-make-release/label/docker-trusty-amd64-tcwg/target/arm-linux-gnueabihf/snapshots/gcc-linaro-5.3-2016.05/configure SHELL=/bin/bash --with-mpc=/home/tcwg-buildslave/workspace/tcwg-make-release/label/docker-trusty-amd64-tcwg/target/arm-linux-gnueabihf/_build/builds/destdir/x86_64-unknown-linux-gnu --with-mpfr=/home/tcwg-buildslave/workspace/tcwg-make-release/label/docker-trusty-amd64-tcwg/target/arm-linux-gnueabihf/_build/builds/destdir/x86_64-unknown-linux-gnu --with-gmp=/home/tcwg-buildslave/workspace/tcwg-make-release/label/docker-trusty-amd64-tcwg/target/arm-linux-gnueabihf/_build/builds/destdir/x86_64-unknown-linux-gnu --with-gnu-as --with-gnu-ld --disable-libstdcxx-pch --disable-libmudflap --with-cloog=no --with-ppl=no --with-isl=no --disable-nls --enable-c99 --with-tune=cortex-a9 --with-arch=armv7-a --with-fpu=vfpv3-d16 --with-float=hard --with-mode=thumb --disable-multilib --enable-multiarch --with-build-sysroot=/home/tcwg-buildslave/workspace/tcwg-make-release/label/docker-trusty-amd64-tcwg/target/arm-linux-gnueabihf/_build/sysroots/arm-linux-gnueabihf --enable-lto --enable-linker-build-id --enable-long-long --enable-shared --with-sysroot=/home/tcwg-buildslave/workspace/tcwg-make-release/label/docker-trusty-amd64-tcwg/target/arm-linux-gnueabihf/_build/builds/destdir/x86_64-unknown-linux-gnu/arm-linux-gnueabihf/libc --enable-languages=c,c++,fortran,lto --enable-checking=release --disable-bootstrap --build=x86_64-unknown-linux-gnu --host=x86_64-unknown-linux-gnu --target=arm-linux-gnueabihf --prefix=/home/tcwg-buildslave/workspace/tcwg-make-release/label/docker-trusty-amd64-tcwg/target/arm-linux-gnueabihf/_build/builds/destdir/x86_64-unknown-linux-gnu]
  ignore line: [Thread model: posix]
  ignore line: [gcc version 5.3.1 20160412 (Linaro GCC 5.3-2016.05) ]
  ignore line: [COMPILER_PATH=/opt/ArmLinuxSdk53/gcc-arm-linux-gnueabihf/bin/../libexec/gcc/arm-linux-gnueabihf/5.3.1/:/opt/ArmLinuxSdk53/gcc-arm-linux-gnueabihf/bin/../libexec/gcc/arm-linux-gnueabihf/:/opt/ArmLinuxSdk53/gcc-arm-linux-gnueabihf/bin/../libexec/gcc/:/opt/ArmLinuxSdk53/gcc-arm-linux-gnueabihf/bin/../lib/gcc/arm-linux-gnueabihf/5.3.1/../../../../arm-linux-gnueabihf/bin/]
  ignore line: [LIBRARY_PATH=/opt/ArmLinuxSdk53/gcc-arm-linux-gnueabihf/bin/../lib/gcc/arm-linux-gnueabihf/5.3.1/:/opt/ArmLinuxSdk53/gcc-arm-linux-gnueabihf/bin/../lib/gcc/arm-linux-gnueabihf/:/opt/ArmLinuxSdk53/gcc-arm-linux-gnueabihf/bin/../lib/gcc/:/opt/ArmLinuxSdk53/gcc-arm-linux-gnueabihf/bin/../lib/gcc/arm-linux-gnueabihf/5.3.1/../../../../arm-linux-gnueabihf/lib/:/opt/ArmLinuxSdk53/gcc-arm-linux-gnueabihf/bin/../arm-linux-gnueabihf/libc/lib/:/opt/ArmLinuxSdk53/gcc-arm-linux-gnueabihf/bin/../arm-linux-gnueabihf/libc/usr/lib/]
  ignore line: [COLLECT_GCC_OPTIONS='-mcpu=cortex-a9' '-O2' '-pipe' '-g' '-v' '-o' 'cmTC_60285' '-mfloat-abi=hard' '-mfpu=vfpv3-d16' '-mthumb' '-mtls-dialect=gnu']
  link line: [ /opt/ArmLinuxSdk53/gcc-arm-linux-gnueabihf/bin/../libexec/gcc/arm-linux-gnueabihf/5.3.1/collect2 -plugin /opt/ArmLinuxSdk53/gcc-arm-linux-gnueabihf/bin/../libexec/gcc/arm-linux-gnueabihf/5.3.1/liblto_plugin.so -plugin-opt=/opt/ArmLinuxSdk53/gcc-arm-linux-gnueabihf/bin/../libexec/gcc/arm-linux-gnueabihf/5.3.1/lto-wrapper -plugin-opt=-fresolution=/tmp/ccS1F2hy.res -plugin-opt=-pass-through=-lgcc -plugin-opt=-pass-through=-lgcc_s -plugin-opt=-pass-through=-lc -plugin-opt=-pass-through=-lgcc -plugin-opt=-pass-through=-lgcc_s --sysroot=/opt/ArmLinuxSdk53/gcc-arm-linux-gnueabihf/bin/../arm-linux-gnueabihf/libc --build-id --eh-frame-hdr -dynamic-linker /lib/ld-linux-armhf.so.3 -X -m armelf_linux_eabi -o cmTC_60285 /opt/ArmLinuxSdk53/gcc-arm-linux-gnueabihf/bin/../arm-linux-gnueabihf/libc/usr/lib/crt1.o /opt/ArmLinuxSdk53/gcc-arm-linux-gnueabihf/bin/../arm-linux-gnueabihf/libc/usr/lib/crti.o /opt/ArmLinuxSdk53/gcc-arm-linux-gnueabihf/bin/../lib/gcc/arm-linux-gnueabihf/5.3.1/crtbegin.o -L/opt/ArmLinuxSdk53/gcc-arm-linux-gnueabihf/bin/../lib/gcc/arm-linux-gnueabihf/5.3.1 -L/opt/ArmLinuxSdk53/gcc-arm-linux-gnueabihf/bin/../lib/gcc/arm-linux-gnueabihf -L/opt/ArmLinuxSdk53/gcc-arm-linux-gnueabihf/bin/../lib/gcc -L/opt/ArmLinuxSdk53/gcc-arm-linux-gnueabihf/bin/../lib/gcc/arm-linux-gnueabihf/5.3.1/../../../../arm-linux-gnueabihf/lib -L/opt/ArmLinuxSdk53/gcc-arm-linux-gnueabihf/bin/../arm-linux-gnueabihf/libc/lib -L/opt/ArmLinuxSdk53/gcc-arm-linux-gnueabihf/bin/../arm-linux-gnueabihf/libc/usr/lib -O1 --hash-style=gnu --as-needed CMakeFiles/cmTC_60285.dir/CMakeCCompilerABI.c.o -lgcc --as-needed -lgcc_s --no-as-needed -lc -lgcc --as-needed -lgcc_s --no-as-needed /opt/ArmLinuxSdk53/gcc-arm-linux-gnueabihf/bin/../lib/gcc/arm-linux-gnueabihf/5.3.1/crtend.o /opt/ArmLinuxSdk53/gcc-arm-linux-gnueabihf/bin/../arm-linux-gnueabihf/libc/usr/lib/crtn.o]
    arg [/opt/ArmLinuxSdk53/gcc-arm-linux-gnueabihf/bin/../libexec/gcc/arm-linux-gnueabihf/5.3.1/collect2] ==> ignore
    arg [-plugin] ==> ignore
    arg [/opt/ArmLinuxSdk53/gcc-arm-linux-gnueabihf/bin/../libexec/gcc/arm-linux-gnueabihf/5.3.1/liblto_plugin.so] ==> ignore
    arg [-plugin-opt=/opt/ArmLinuxSdk53/gcc-arm-linux-gnueabihf/bin/../libexec/gcc/arm-linux-gnueabihf/5.3.1/lto-wrapper] ==> ignore
    arg [-plugin-opt=-fresolution=/tmp/ccS1F2hy.res] ==> ignore
    arg [-plugin-opt=-pass-through=-lgcc] ==> ignore
    arg [-plugin-opt=-pass-through=-lgcc_s] ==> ignore
    arg [-plugin-opt=-pass-through=-lc] ==> ignore
    arg [-plugin-opt=-pass-through=-lgcc] ==> ignore
    arg [-plugin-opt=-pass-through=-lgcc_s] ==> ignore
    arg [--sysroot=/opt/ArmLinuxSdk53/gcc-arm-linux-gnueabihf/bin/../arm-linux-gnueabihf/libc] ==> ignore
    arg [--build-id] ==> ignore
    arg [--eh-frame-hdr] ==> ignore
    arg [-dynamic-linker] ==> ignore
    arg [/lib/ld-linux-armhf.so.3] ==> ignore
    arg [-X] ==> ignore
    arg [-m] ==> ignore
    arg [armelf_linux_eabi] ==> ignore
    arg [-o] ==> ignore
    arg [cmTC_60285] ==> ignore
    arg [/opt/ArmLinuxSdk53/gcc-arm-linux-gnueabihf/bin/../arm-linux-gnueabihf/libc/usr/lib/crt1.o] ==> ignore
    arg [/opt/ArmLinuxSdk53/gcc-arm-linux-gnueabihf/bin/../arm-linux-gnueabihf/libc/usr/lib/crti.o] ==> ignore
    arg [/opt/ArmLinuxSdk53/gcc-arm-linux-gnueabihf/bin/../lib/gcc/arm-linux-gnueabihf/5.3.1/crtbegin.o] ==> ignore
    arg [-L/opt/ArmLinuxSdk53/gcc-arm-linux-gnueabihf/bin/../lib/gcc/arm-linux-gnueabihf/5.3.1] ==> dir [/opt/ArmLinuxSdk53/gcc-arm-linux-gnueabihf/bin/../lib/gcc/arm-linux-gnueabihf/5.3.1]
    arg [-L/opt/ArmLinuxSdk53/gcc-arm-linux-gnueabihf/bin/../lib/gcc/arm-linux-gnueabihf] ==> dir [/opt/ArmLinuxSdk53/gcc-arm-linux-gnueabihf/bin/../lib/gcc/arm-linux-gnueabihf]
    arg [-L/opt/ArmLinuxSdk53/gcc-arm-linux-gnueabihf/bin/../lib/gcc] ==> dir [/opt/ArmLinuxSdk53/gcc-arm-linux-gnueabihf/bin/../lib/gcc]
    arg [-L/opt/ArmLinuxSdk53/gcc-arm-linux-gnueabihf/bin/../lib/gcc/arm-linux-gnueabihf/5.3.1/../../../../arm-linux-gnueabihf/lib] ==> dir [/opt/ArmLinuxSdk53/gcc-arm-linux-gnueabihf/bin/../lib/gcc/arm-linux-gnueabihf/5.3.1/../../../../arm-linux-gnueabihf/lib]
    arg [-L/opt/ArmLinuxSdk53/gcc-arm-linux-gnueabihf/bin/../arm-linux-gnueabihf/libc/lib] ==> dir [/opt/ArmLinuxSdk53/gcc-arm-linux-gnueabihf/bin/../arm-linux-gnueabihf/libc/lib]
    arg [-L/opt/ArmLinuxSdk53/gcc-arm-linux-gnueabihf/bin/../arm-linux-gnueabihf/libc/usr/lib] ==> dir [/opt/ArmLinuxSdk53/gcc-arm-linux-gnueabihf/bin/../arm-linux-gnueabihf/libc/usr/lib]
    arg [-O1] ==> ignore
    arg [--hash-style=gnu] ==> ignore
    arg [--as-needed] ==> ignore
    arg [CMakeFiles/cmTC_60285.dir/CMakeCCompilerABI.c.o] ==> ignore
    arg [-lgcc] ==> lib [gcc]
    arg [--as-needed] ==> ignore
    arg [-lgcc_s] ==> lib [gcc_s]
    arg [--no-as-needed] ==> ignore
    arg [-lc] ==> lib [c]
    arg [-lgcc] ==> lib [gcc]
    arg [--as-needed] ==> ignore
    arg [-lgcc_s] ==> lib [gcc_s]
    arg [--no-as-needed] ==> ignore
    arg [/opt/ArmLinuxSdk53/gcc-arm-linux-gnueabihf/bin/../lib/gcc/arm-linux-gnueabihf/5.3.1/crtend.o] ==> ignore
    arg [/opt/ArmLinuxSdk53/gcc-arm-linux-gnueabihf/bin/../arm-linux-gnueabihf/libc/usr/lib/crtn.o] ==> ignore
  collapse library dir [/opt/ArmLinuxSdk53/gcc-arm-linux-gnueabihf/bin/../lib/gcc/arm-linux-gnueabihf/5.3.1] ==> [/opt/ArmLinuxSdk53/gcc-arm-linux-gnueabihf/lib/gcc/arm-linux-gnueabihf/5.3.1]
  collapse library dir [/opt/ArmLinuxSdk53/gcc-arm-linux-gnueabihf/bin/../lib/gcc/arm-linux-gnueabihf] ==> [/opt/ArmLinuxSdk53/gcc-arm-linux-gnueabihf/lib/gcc/arm-linux-gnueabihf]
  collapse library dir [/opt/ArmLinuxSdk53/gcc-arm-linux-gnueabihf/bin/../lib/gcc] ==> [/opt/ArmLinuxSdk53/gcc-arm-linux-gnueabihf/lib/gcc]
  collapse library dir [/opt/ArmLinuxSdk53/gcc-arm-linux-gnueabihf/bin/../lib/gcc/arm-linux-gnueabihf/5.3.1/../../../../arm-linux-gnueabihf/lib] ==> [/opt/ArmLinuxSdk53/gcc-arm-linux-gnueabihf/arm-linux-gnueabihf/lib]
  collapse library dir [/opt/ArmLinuxSdk53/gcc-arm-linux-gnueabihf/bin/../arm-linux-gnueabihf/libc/lib] ==> [/opt/ArmLinuxSdk53/gcc-arm-linux-gnueabihf/arm-linux-gnueabihf/libc/lib]
  collapse library dir [/opt/ArmLinuxSdk53/gcc-arm-linux-gnueabihf/bin/../arm-linux-gnueabihf/libc/usr/lib] ==> [/opt/ArmLinuxSdk53/gcc-arm-linux-gnueabihf/arm-linux-gnueabihf/libc/usr/lib]
  implicit libs: [gcc;gcc_s;c;gcc;gcc_s]
  implicit dirs: [/opt/ArmLinuxSdk53/gcc-arm-linux-gnueabihf/lib/gcc/arm-linux-gnueabihf/5.3.1;/opt/ArmLinuxSdk53/gcc-arm-linux-gnueabihf/lib/gcc/arm-linux-gnueabihf;/opt/ArmLinuxSdk53/gcc-arm-linux-gnueabihf/lib/gcc;/opt/ArmLinuxSdk53/gcc-arm-linux-gnueabihf/arm-linux-gnueabihf/lib;/opt/ArmLinuxSdk53/gcc-arm-linux-gnueabihf/arm-linux-gnueabihf/libc/lib;/opt/ArmLinuxSdk53/gcc-arm-linux-gnueabihf/arm-linux-gnueabihf/libc/usr/lib]
  implicit fwks: []




Detecting C [-std=c11] compiler features compiled with the following output:
Change Dir: /home/fchuanlin/datamodule/protocol/SimensCnc/Simens/libsiemenscnc/build/CMakeFiles/CMakeTmp

Run Build Command:"/usr/bin/gmake" "cmTC_87b8a/fast"
/usr/bin/gmake -f CMakeFiles/cmTC_87b8a.dir/build.make CMakeFiles/cmTC_87b8a.dir/build
gmake[1]: Entering directory '/home/fchuanlin/datamodule/protocol/SimensCnc/Simens/libsiemenscnc/build/CMakeFiles/CMakeTmp'
Building C object CMakeFiles/cmTC_87b8a.dir/feature_tests.c.o
/opt/ArmLinuxSdk53/gcc-arm-linux-gnueabihf/bin/arm-linux-gnueabihf-gcc  -mcpu=cortex-a9   -O2 -pipe -g    -std=c11 -o CMakeFiles/cmTC_87b8a.dir/feature_tests.c.o   -c /home/fchuanlin/datamodule/protocol/SimensCnc/Simens/libsiemenscnc/build/CMakeFiles/feature_tests.c
Linking C executable cmTC_87b8a
/usr/bin/cmake -E cmake_link_script CMakeFiles/cmTC_87b8a.dir/link.txt --verbose=1
/opt/ArmLinuxSdk53/gcc-arm-linux-gnueabihf/bin/arm-linux-gnueabihf-gcc  -mcpu=cortex-a9 -O2 -pipe -g   -Wl,-O1 -Wl,--hash-style=gnu -Wl,--as-needed  CMakeFiles/cmTC_87b8a.dir/feature_tests.c.o  -o cmTC_87b8a 
gmake[1]: Leaving directory '/home/fchuanlin/datamodule/protocol/SimensCnc/Simens/libsiemenscnc/build/CMakeFiles/CMakeTmp'


    Feature record: C_FEATURE:1c_function_prototypes
    Feature record: C_FEATURE:1c_restrict
    Feature record: C_FEATURE:1c_static_assert
    Feature record: C_FEATURE:1c_variadic_macros


Detecting C [-std=c99] compiler features compiled with the following output:
Change Dir: /home/fchuanlin/datamodule/protocol/SimensCnc/Simens/libsiemenscnc/build/CMakeFiles/CMakeTmp

Run Build Command:"/usr/bin/gmake" "cmTC_9f17f/fast"
/usr/bin/gmake -f CMakeFiles/cmTC_9f17f.dir/build.make CMakeFiles/cmTC_9f17f.dir/build
gmake[1]: Entering directory '/home/fchuanlin/datamodule/protocol/SimensCnc/Simens/libsiemenscnc/build/CMakeFiles/CMakeTmp'
Building C object CMakeFiles/cmTC_9f17f.dir/feature_tests.c.o
/opt/ArmLinuxSdk53/gcc-arm-linux-gnueabihf/bin/arm-linux-gnueabihf-gcc  -mcpu=cortex-a9   -O2 -pipe -g    -std=c99 -o CMakeFiles/cmTC_9f17f.dir/feature_tests.c.o   -c /home/fchuanlin/datamodule/protocol/SimensCnc/Simens/libsiemenscnc/build/CMakeFiles/feature_tests.c
Linking C executable cmTC_9f17f
/usr/bin/cmake -E cmake_link_script CMakeFiles/cmTC_9f17f.dir/link.txt --verbose=1
/opt/ArmLinuxSdk53/gcc-arm-linux-gnueabihf/bin/arm-linux-gnueabihf-gcc  -mcpu=cortex-a9 -O2 -pipe -g   -Wl,-O1 -Wl,--hash-style=gnu -Wl,--as-needed  CMakeFiles/cmTC_9f17f.dir/feature_tests.c.o  -o cmTC_9f17f 
gmake[1]: Leaving directory '/home/fchuanlin/datamodule/protocol/SimensCnc/Simens/libsiemenscnc/build/CMakeFiles/CMakeTmp'


    Feature record: C_FEATURE:1c_function_prototypes
    Feature record: C_FEATURE:1c_restrict
    Feature record: C_FEATURE:0c_static_assert
    Feature record: C_FEATURE:1c_variadic_macros


Detecting C [-std=c90] compiler features compiled with the following output:
Change Dir: /home/fchuanlin/datamodule/protocol/SimensCnc/Simens/libsiemenscnc/build/CMakeFiles/CMakeTmp

Run Build Command:"/usr/bin/gmake" "cmTC_35e4e/fast"
/usr/bin/gmake -f CMakeFiles/cmTC_35e4e.dir/build.make CMakeFiles/cmTC_35e4e.dir/build
gmake[1]: Entering directory '/home/fchuanlin/datamodule/protocol/SimensCnc/Simens/libsiemenscnc/build/CMakeFiles/CMakeTmp'
Building C object CMakeFiles/cmTC_35e4e.dir/feature_tests.c.o
/opt/ArmLinuxSdk53/gcc-arm-linux-gnueabihf/bin/arm-linux-gnueabihf-gcc  -mcpu=cortex-a9   -O2 -pipe -g    -std=c90 -o CMakeFiles/cmTC_35e4e.dir/feature_tests.c.o   -c /home/fchuanlin/datamodule/protocol/SimensCnc/Simens/libsiemenscnc/build/CMakeFiles/feature_tests.c
Linking C executable cmTC_35e4e
/usr/bin/cmake -E cmake_link_script CMakeFiles/cmTC_35e4e.dir/link.txt --verbose=1
/opt/ArmLinuxSdk53/gcc-arm-linux-gnueabihf/bin/arm-linux-gnueabihf-gcc  -mcpu=cortex-a9 -O2 -pipe -g   -Wl,-O1 -Wl,--hash-style=gnu -Wl,--as-needed  CMakeFiles/cmTC_35e4e.dir/feature_tests.c.o  -o cmTC_35e4e 
gmake[1]: Leaving directory '/home/fchuanlin/datamodule/protocol/SimensCnc/Simens/libsiemenscnc/build/CMakeFiles/CMakeTmp'


    Feature record: C_FEATURE:1c_function_prototypes
    Feature record: C_FEATURE:0c_restrict
    Feature record: C_FEATURE:0c_static_assert
    Feature record: C_FEATURE:0c_variadic_macros
Determining if the CXX compiler works passed with the following output:
Change Dir: /home/fchuanlin/datamodule/protocol/SimensCnc/Simens/libsiemenscnc/build/CMakeFiles/CMakeTmp

Run Build Command:"/usr/bin/gmake" "cmTC_dd628/fast"
/usr/bin/gmake -f CMakeFiles/cmTC_dd628.dir/build.make CMakeFiles/cmTC_dd628.dir/build
gmake[1]: Entering directory '/home/fchuanlin/datamodule/protocol/SimensCnc/Simens/libsiemenscnc/build/CMakeFiles/CMakeTmp'
Building CXX object CMakeFiles/cmTC_dd628.dir/testCXXCompiler.cxx.o
/opt/ArmLinuxSdk53/gcc-arm-linux-gnueabihf/bin/arm-linux-gnueabihf-g++  -mcpu=cortex-a9    -O2 -pipe -g    -o CMakeFiles/cmTC_dd628.dir/testCXXCompiler.cxx.o -c /home/fchuanlin/datamodule/protocol/SimensCnc/Simens/libsiemenscnc/build/CMakeFiles/CMakeTmp/testCXXCompiler.cxx
Linking CXX executable cmTC_dd628
/usr/bin/cmake -E cmake_link_script CMakeFiles/cmTC_dd628.dir/link.txt --verbose=1
/opt/ArmLinuxSdk53/gcc-arm-linux-gnueabihf/bin/arm-linux-gnueabihf-g++  -mcpu=cortex-a9  -O2 -pipe -g   -Wl,-O1 -Wl,--hash-style=gnu -Wl,--as-needed  CMakeFiles/cmTC_dd628.dir/testCXXCompiler.cxx.o  -o cmTC_dd628 
gmake[1]: Leaving directory '/home/fchuanlin/datamodule/protocol/SimensCnc/Simens/libsiemenscnc/build/CMakeFiles/CMakeTmp'


Detecting CXX compiler ABI info compiled with the following output:
Change Dir: /home/fchuanlin/datamodule/protocol/SimensCnc/Simens/libsiemenscnc/build/CMakeFiles/CMakeTmp

Run Build Command:"/usr/bin/gmake" "cmTC_cfdc9/fast"
/usr/bin/gmake -f CMakeFiles/cmTC_cfdc9.dir/build.make CMakeFiles/cmTC_cfdc9.dir/build
gmake[1]: Entering directory '/home/fchuanlin/datamodule/protocol/SimensCnc/Simens/libsiemenscnc/build/CMakeFiles/CMakeTmp'
Building CXX object CMakeFiles/cmTC_cfdc9.dir/CMakeCXXCompilerABI.cpp.o
/opt/ArmLinuxSdk53/gcc-arm-linux-gnueabihf/bin/arm-linux-gnueabihf-g++  -mcpu=cortex-a9    -O2 -pipe -g    -o CMakeFiles/cmTC_cfdc9.dir/CMakeCXXCompilerABI.cpp.o -c /usr/share/cmake/Modules/CMakeCXXCompilerABI.cpp
Linking CXX executable cmTC_cfdc9
/usr/bin/cmake -E cmake_link_script CMakeFiles/cmTC_cfdc9.dir/link.txt --verbose=1
/opt/ArmLinuxSdk53/gcc-arm-linux-gnueabihf/bin/arm-linux-gnueabihf-g++  -mcpu=cortex-a9  -O2 -pipe -g   -Wl,-O1 -Wl,--hash-style=gnu -Wl,--as-needed -v CMakeFiles/cmTC_cfdc9.dir/CMakeCXXCompilerABI.cpp.o  -o cmTC_cfdc9 
Using built-in specs.
COLLECT_GCC=/opt/ArmLinuxSdk53/gcc-arm-linux-gnueabihf/bin/arm-linux-gnueabihf-g++
COLLECT_LTO_WRAPPER=/opt/ArmLinuxSdk53/gcc-arm-linux-gnueabihf/bin/../libexec/gcc/arm-linux-gnueabihf/5.3.1/lto-wrapper
Target: arm-linux-gnueabihf
Configured with: /home/tcwg-buildslave/workspace/tcwg-make-release/label/docker-trusty-amd64-tcwg/target/arm-linux-gnueabihf/snapshots/gcc-linaro-5.3-2016.05/configure SHELL=/bin/bash --with-mpc=/home/tcwg-buildslave/workspace/tcwg-make-release/label/docker-trusty-amd64-tcwg/target/arm-linux-gnueabihf/_build/builds/destdir/x86_64-unknown-linux-gnu --with-mpfr=/home/tcwg-buildslave/workspace/tcwg-make-release/label/docker-trusty-amd64-tcwg/target/arm-linux-gnueabihf/_build/builds/destdir/x86_64-unknown-linux-gnu --with-gmp=/home/tcwg-buildslave/workspace/tcwg-make-release/label/docker-trusty-amd64-tcwg/target/arm-linux-gnueabihf/_build/builds/destdir/x86_64-unknown-linux-gnu --with-gnu-as --with-gnu-ld --disable-libstdcxx-pch --disable-libmudflap --with-cloog=no --with-ppl=no --with-isl=no --disable-nls --enable-c99 --with-tune=cortex-a9 --with-arch=armv7-a --with-fpu=vfpv3-d16 --with-float=hard --with-mode=thumb --disable-multilib --enable-multiarch --with-build-sysroot=/home/tcwg-buildslave/workspace/tcwg-make-release/label/docker-trusty-amd64-tcwg/target/arm-linux-gnueabihf/_build/sysroots/arm-linux-gnueabihf --enable-lto --enable-linker-build-id --enable-long-long --enable-shared --with-sysroot=/home/tcwg-buildslave/workspace/tcwg-make-release/label/docker-trusty-amd64-tcwg/target/arm-linux-gnueabihf/_build/builds/destdir/x86_64-unknown-linux-gnu/arm-linux-gnueabihf/libc --enable-languages=c,c++,fortran,lto --enable-checking=release --disable-bootstrap --build=x86_64-unknown-linux-gnu --host=x86_64-unknown-linux-gnu --target=arm-linux-gnueabihf --prefix=/home/tcwg-buildslave/workspace/tcwg-make-release/label/docker-trusty-amd64-tcwg/target/arm-linux-gnueabihf/_build/builds/destdir/x86_64-unknown-linux-gnu
Thread model: posix
gcc version 5.3.1 20160412 (Linaro GCC 5.3-2016.05) 
COMPILER_PATH=/opt/ArmLinuxSdk53/gcc-arm-linux-gnueabihf/bin/../libexec/gcc/arm-linux-gnueabihf/5.3.1/:/opt/ArmLinuxSdk53/gcc-arm-linux-gnueabihf/bin/../libexec/gcc/arm-linux-gnueabihf/:/opt/ArmLinuxSdk53/gcc-arm-linux-gnueabihf/bin/../libexec/gcc/:/opt/ArmLinuxSdk53/gcc-arm-linux-gnueabihf/bin/../lib/gcc/arm-linux-gnueabihf/5.3.1/../../../../arm-linux-gnueabihf/bin/
LIBRARY_PATH=/opt/ArmLinuxSdk53/gcc-arm-linux-gnueabihf/bin/../lib/gcc/arm-linux-gnueabihf/5.3.1/:/opt/ArmLinuxSdk53/gcc-arm-linux-gnueabihf/bin/../lib/gcc/arm-linux-gnueabihf/:/opt/ArmLinuxSdk53/gcc-arm-linux-gnueabihf/bin/../lib/gcc/:/opt/ArmLinuxSdk53/gcc-arm-linux-gnueabihf/bin/../lib/gcc/arm-linux-gnueabihf/5.3.1/../../../../arm-linux-gnueabihf/lib/:/opt/ArmLinuxSdk53/gcc-arm-linux-gnueabihf/bin/../arm-linux-gnueabihf/libc/lib/:/opt/ArmLinuxSdk53/gcc-arm-linux-gnueabihf/bin/../arm-linux-gnueabihf/libc/usr/lib/
COLLECT_GCC_OPTIONS='-mcpu=cortex-a9' '-O2' '-pipe' '-g' '-v' '-o' 'cmTC_cfdc9' '-shared-libgcc' '-mfloat-abi=hard' '-mfpu=vfpv3-d16' '-mthumb' '-mtls-dialect=gnu'
 /opt/ArmLinuxSdk53/gcc-arm-linux-gnueabihf/bin/../libexec/gcc/arm-linux-gnueabihf/5.3.1/collect2 -plugin /opt/ArmLinuxSdk53/gcc-arm-linux-gnueabihf/bin/../libexec/gcc/arm-linux-gnueabihf/5.3.1/liblto_plugin.so -plugin-opt=/opt/ArmLinuxSdk53/gcc-arm-linux-gnueabihf/bin/../libexec/gcc/arm-linux-gnueabihf/5.3.1/lto-wrapper -plugin-opt=-fresolution=/tmp/ccYXw900.res -plugin-opt=-pass-through=-lgcc_s -plugin-opt=-pass-through=-lgcc -plugin-opt=-pass-through=-lc -plugin-opt=-pass-through=-lgcc_s -plugin-opt=-pass-through=-lgcc --sysroot=/opt/ArmLinuxSdk53/gcc-arm-linux-gnueabihf/bin/../arm-linux-gnueabihf/libc --build-id --eh-frame-hdr -dynamic-linker /lib/ld-linux-armhf.so.3 -X -m armelf_linux_eabi -o cmTC_cfdc9 /opt/ArmLinuxSdk53/gcc-arm-linux-gnueabihf/bin/../arm-linux-gnueabihf/libc/usr/lib/crt1.o /opt/ArmLinuxSdk53/gcc-arm-linux-gnueabihf/bin/../arm-linux-gnueabihf/libc/usr/lib/crti.o /opt/ArmLinuxSdk53/gcc-arm-linux-gnueabihf/bin/../lib/gcc/arm-linux-gnueabihf/5.3.1/crtbegin.o -L/opt/ArmLinuxSdk53/gcc-arm-linux-gnueabihf/bin/../lib/gcc/arm-linux-gnueabihf/5.3.1 -L/opt/ArmLinuxSdk53/gcc-arm-linux-gnueabihf/bin/../lib/gcc/arm-linux-gnueabihf -L/opt/ArmLinuxSdk53/gcc-arm-linux-gnueabihf/bin/../lib/gcc -L/opt/ArmLinuxSdk53/gcc-arm-linux-gnueabihf/bin/../lib/gcc/arm-linux-gnueabihf/5.3.1/../../../../arm-linux-gnueabihf/lib -L/opt/ArmLinuxSdk53/gcc-arm-linux-gnueabihf/bin/../arm-linux-gnueabihf/libc/lib -L/opt/ArmLinuxSdk53/gcc-arm-linux-gnueabihf/bin/../arm-linux-gnueabihf/libc/usr/lib -O1 --hash-style=gnu --as-needed CMakeFiles/cmTC_cfdc9.dir/CMakeCXXCompilerABI.cpp.o -lstdc++ -lm -lgcc_s -lgcc -lc -lgcc_s -lgcc /opt/ArmLinuxSdk53/gcc-arm-linux-gnueabihf/bin/../lib/gcc/arm-linux-gnueabihf/5.3.1/crtend.o /opt/ArmLinuxSdk53/gcc-arm-linux-gnueabihf/bin/../arm-linux-gnueabihf/libc/usr/lib/crtn.o
gmake[1]: Leaving directory '/home/fchuanlin/datamodule/protocol/SimensCnc/Simens/libsiemenscnc/build/CMakeFiles/CMakeTmp'


Parsed CXX implicit link information from above output:
  link line regex: [^( *|.*[/\])(ld|CMAKE_LINK_STARTFILE-NOTFOUND|([^/\]+-)?ld|collect2)[^/\]*( |$)]
  ignore line: [Change Dir: /home/fchuanlin/datamodule/protocol/SimensCnc/Simens/libsiemenscnc/build/CMakeFiles/CMakeTmp]
  ignore line: []
  ignore line: [Run Build Command:"/usr/bin/gmake" "cmTC_cfdc9/fast"]
  ignore line: [/usr/bin/gmake -f CMakeFiles/cmTC_cfdc9.dir/build.make CMakeFiles/cmTC_cfdc9.dir/build]
  ignore line: [gmake[1]: Entering directory '/home/fchuanlin/datamodule/protocol/SimensCnc/Simens/libsiemenscnc/build/CMakeFiles/CMakeTmp']
  ignore line: [Building CXX object CMakeFiles/cmTC_cfdc9.dir/CMakeCXXCompilerABI.cpp.o]
  ignore line: [/opt/ArmLinuxSdk53/gcc-arm-linux-gnueabihf/bin/arm-linux-gnueabihf-g++  -mcpu=cortex-a9    -O2 -pipe -g    -o CMakeFiles/cmTC_cfdc9.dir/CMakeCXXCompilerABI.cpp.o -c /usr/share/cmake/Modules/CMakeCXXCompilerABI.cpp]
  ignore line: [Linking CXX executable cmTC_cfdc9]
  ignore line: [/usr/bin/cmake -E cmake_link_script CMakeFiles/cmTC_cfdc9.dir/link.txt --verbose=1]
  ignore line: [/opt/ArmLinuxSdk53/gcc-arm-linux-gnueabihf/bin/arm-linux-gnueabihf-g++  -mcpu=cortex-a9  -O2 -pipe -g   -Wl,-O1 -Wl,--hash-style=gnu -Wl,--as-needed -v CMakeFiles/cmTC_cfdc9.dir/CMakeCXXCompilerABI.cpp.o  -o cmTC_cfdc9 ]
  ignore line: [Using built-in specs.]
  ignore line: [COLLECT_GCC=/opt/ArmLinuxSdk53/gcc-arm-linux-gnueabihf/bin/arm-linux-gnueabihf-g++]
  ignore line: [COLLECT_LTO_WRAPPER=/opt/ArmLinuxSdk53/gcc-arm-linux-gnueabihf/bin/../libexec/gcc/arm-linux-gnueabihf/5.3.1/lto-wrapper]
  ignore line: [Target: arm-linux-gnueabihf]
  ignore line: [Configured with: /home/tcwg-buildslave/workspace/tcwg-make-release/label/docker-trusty-amd64-tcwg/target/arm-linux-gnueabihf/snapshots/gcc-linaro-5.3-2016.05/configure SHELL=/bin/bash --with-mpc=/home/tcwg-buildslave/workspace/tcwg-make-release/label/docker-trusty-amd64-tcwg/target/arm-linux-gnueabihf/_build/builds/destdir/x86_64-unknown-linux-gnu --with-mpfr=/home/tcwg-buildslave/workspace/tcwg-make-release/label/docker-trusty-amd64-tcwg/target/arm-linux-gnueabihf/_build/builds/destdir/x86_64-unknown-linux-gnu --with-gmp=/home/tcwg-buildslave/workspace/tcwg-make-release/label/docker-trusty-amd64-tcwg/target/arm-linux-gnueabihf/_build/builds/destdir/x86_64-unknown-linux-gnu --with-gnu-as --with-gnu-ld --disable-libstdcxx-pch --disable-libmudflap --with-cloog=no --with-ppl=no --with-isl=no --disable-nls --enable-c99 --with-tune=cortex-a9 --with-arch=armv7-a --with-fpu=vfpv3-d16 --with-float=hard --with-mode=thumb --disable-multilib --enable-multiarch --with-build-sysroot=/home/tcwg-buildslave/workspace/tcwg-make-release/label/docker-trusty-amd64-tcwg/target/arm-linux-gnueabihf/_build/sysroots/arm-linux-gnueabihf --enable-lto --enable-linker-build-id --enable-long-long --enable-shared --with-sysroot=/home/tcwg-buildslave/workspace/tcwg-make-release/label/docker-trusty-amd64-tcwg/target/arm-linux-gnueabihf/_build/builds/destdir/x86_64-unknown-linux-gnu/arm-linux-gnueabihf/libc --enable-languages=c,c++,fortran,lto --enable-checking=release --disable-bootstrap --build=x86_64-unknown-linux-gnu --host=x86_64-unknown-linux-gnu --target=arm-linux-gnueabihf --prefix=/home/tcwg-buildslave/workspace/tcwg-make-release/label/docker-trusty-amd64-tcwg/target/arm-linux-gnueabihf/_build/builds/destdir/x86_64-unknown-linux-gnu]
  ignore line: [Thread model: posix]
  ignore line: [gcc version 5.3.1 20160412 (Linaro GCC 5.3-2016.05) ]
  ignore line: [COMPILER_PATH=/opt/ArmLinuxSdk53/gcc-arm-linux-gnueabihf/bin/../libexec/gcc/arm-linux-gnueabihf/5.3.1/:/opt/ArmLinuxSdk53/gcc-arm-linux-gnueabihf/bin/../libexec/gcc/arm-linux-gnueabihf/:/opt/ArmLinuxSdk53/gcc-arm-linux-gnueabihf/bin/../libexec/gcc/:/opt/ArmLinuxSdk53/gcc-arm-linux-gnueabihf/bin/../lib/gcc/arm-linux-gnueabihf/5.3.1/../../../../arm-linux-gnueabihf/bin/]
  ignore line: [LIBRARY_PATH=/opt/ArmLinuxSdk53/gcc-arm-linux-gnueabihf/bin/../lib/gcc/arm-linux-gnueabihf/5.3.1/:/opt/ArmLinuxSdk53/gcc-arm-linux-gnueabihf/bin/../lib/gcc/arm-linux-gnueabihf/:/opt/ArmLinuxSdk53/gcc-arm-linux-gnueabihf/bin/../lib/gcc/:/opt/ArmLinuxSdk53/gcc-arm-linux-gnueabihf/bin/../lib/gcc/arm-linux-gnueabihf/5.3.1/../../../../arm-linux-gnueabihf/lib/:/opt/ArmLinuxSdk53/gcc-arm-linux-gnueabihf/bin/../arm-linux-gnueabihf/libc/lib/:/opt/ArmLinuxSdk53/gcc-arm-linux-gnueabihf/bin/../arm-linux-gnueabihf/libc/usr/lib/]
  ignore line: [COLLECT_GCC_OPTIONS='-mcpu=cortex-a9' '-O2' '-pipe' '-g' '-v' '-o' 'cmTC_cfdc9' '-shared-libgcc' '-mfloat-abi=hard' '-mfpu=vfpv3-d16' '-mthumb' '-mtls-dialect=gnu']
  link line: [ /opt/ArmLinuxSdk53/gcc-arm-linux-gnueabihf/bin/../libexec/gcc/arm-linux-gnueabihf/5.3.1/collect2 -plugin /opt/ArmLinuxSdk53/gcc-arm-linux-gnueabihf/bin/../libexec/gcc/arm-linux-gnueabihf/5.3.1/liblto_plugin.so -plugin-opt=/opt/ArmLinuxSdk53/gcc-arm-linux-gnueabihf/bin/../libexec/gcc/arm-linux-gnueabihf/5.3.1/lto-wrapper -plugin-opt=-fresolution=/tmp/ccYXw900.res -plugin-opt=-pass-through=-lgcc_s -plugin-opt=-pass-through=-lgcc -plugin-opt=-pass-through=-lc -plugin-opt=-pass-through=-lgcc_s -plugin-opt=-pass-through=-lgcc --sysroot=/opt/ArmLinuxSdk53/gcc-arm-linux-gnueabihf/bin/../arm-linux-gnueabihf/libc --build-id --eh-frame-hdr -dynamic-linker /lib/ld-linux-armhf.so.3 -X -m armelf_linux_eabi -o cmTC_cfdc9 /opt/ArmLinuxSdk53/gcc-arm-linux-gnueabihf/bin/../arm-linux-gnueabihf/libc/usr/lib/crt1.o /opt/ArmLinuxSdk53/gcc-arm-linux-gnueabihf/bin/../arm-linux-gnueabihf/libc/usr/lib/crti.o /opt/ArmLinuxSdk53/gcc-arm-linux-gnueabihf/bin/../lib/gcc/arm-linux-gnueabihf/5.3.1/crtbegin.o -L/opt/ArmLinuxSdk53/gcc-arm-linux-gnueabihf/bin/../lib/gcc/arm-linux-gnueabihf/5.3.1 -L/opt/ArmLinuxSdk53/gcc-arm-linux-gnueabihf/bin/../lib/gcc/arm-linux-gnueabihf -L/opt/ArmLinuxSdk53/gcc-arm-linux-gnueabihf/bin/../lib/gcc -L/opt/ArmLinuxSdk53/gcc-arm-linux-gnueabihf/bin/../lib/gcc/arm-linux-gnueabihf/5.3.1/../../../../arm-linux-gnueabihf/lib -L/opt/ArmLinuxSdk53/gcc-arm-linux-gnueabihf/bin/../arm-linux-gnueabihf/libc/lib -L/opt/ArmLinuxSdk53/gcc-arm-linux-gnueabihf/bin/../arm-linux-gnueabihf/libc/usr/lib -O1 --hash-style=gnu --as-needed CMakeFiles/cmTC_cfdc9.dir/CMakeCXXCompilerABI.cpp.o -lstdc++ -lm -lgcc_s -lgcc -lc -lgcc_s -lgcc /opt/ArmLinuxSdk53/gcc-arm-linux-gnueabihf/bin/../lib/gcc/arm-linux-gnueabihf/5.3.1/crtend.o /opt/ArmLinuxSdk53/gcc-arm-linux-gnueabihf/bin/../arm-linux-gnueabihf/libc/usr/lib/crtn.o]
    arg [/opt/ArmLinuxSdk53/gcc-arm-linux-gnueabihf/bin/../libexec/gcc/arm-linux-gnueabihf/5.3.1/collect2] ==> ignore
    arg [-plugin] ==> ignore
    arg [/opt/ArmLinuxSdk53/gcc-arm-linux-gnueabihf/bin/../libexec/gcc/arm-linux-gnueabihf/5.3.1/liblto_plugin.so] ==> ignore
    arg [-plugin-opt=/opt/ArmLinuxSdk53/gcc-arm-linux-gnueabihf/bin/../libexec/gcc/arm-linux-gnueabihf/5.3.1/lto-wrapper] ==> ignore
    arg [-plugin-opt=-fresolution=/tmp/ccYXw900.res] ==> ignore
    arg [-plugin-opt=-pass-through=-lgcc_s] ==> ignore
    arg [-plugin-opt=-pass-through=-lgcc] ==> ignore
    arg [-plugin-opt=-pass-through=-lc] ==> ignore
    arg [-plugin-opt=-pass-through=-lgcc_s] ==> ignore
    arg [-plugin-opt=-pass-through=-lgcc] ==> ignore
    arg [--sysroot=/opt/ArmLinuxSdk53/gcc-arm-linux-gnueabihf/bin/../arm-linux-gnueabihf/libc] ==> ignore
    arg [--build-id] ==> ignore
    arg [--eh-frame-hdr] ==> ignore
    arg [-dynamic-linker] ==> ignore
    arg [/lib/ld-linux-armhf.so.3] ==> ignore
    arg [-X] ==> ignore
    arg [-m] ==> ignore
    arg [armelf_linux_eabi] ==> ignore
    arg [-o] ==> ignore
    arg [cmTC_cfdc9] ==> ignore
    arg [/opt/ArmLinuxSdk53/gcc-arm-linux-gnueabihf/bin/../arm-linux-gnueabihf/libc/usr/lib/crt1.o] ==> ignore
    arg [/opt/ArmLinuxSdk53/gcc-arm-linux-gnueabihf/bin/../arm-linux-gnueabihf/libc/usr/lib/crti.o] ==> ignore
    arg [/opt/ArmLinuxSdk53/gcc-arm-linux-gnueabihf/bin/../lib/gcc/arm-linux-gnueabihf/5.3.1/crtbegin.o] ==> ignore
    arg [-L/opt/ArmLinuxSdk53/gcc-arm-linux-gnueabihf/bin/../lib/gcc/arm-linux-gnueabihf/5.3.1] ==> dir [/opt/ArmLinuxSdk53/gcc-arm-linux-gnueabihf/bin/../lib/gcc/arm-linux-gnueabihf/5.3.1]
    arg [-L/opt/ArmLinuxSdk53/gcc-arm-linux-gnueabihf/bin/../lib/gcc/arm-linux-gnueabihf] ==> dir [/opt/ArmLinuxSdk53/gcc-arm-linux-gnueabihf/bin/../lib/gcc/arm-linux-gnueabihf]
    arg [-L/opt/ArmLinuxSdk53/gcc-arm-linux-gnueabihf/bin/../lib/gcc] ==> dir [/opt/ArmLinuxSdk53/gcc-arm-linux-gnueabihf/bin/../lib/gcc]
    arg [-L/opt/ArmLinuxSdk53/gcc-arm-linux-gnueabihf/bin/../lib/gcc/arm-linux-gnueabihf/5.3.1/../../../../arm-linux-gnueabihf/lib] ==> dir [/opt/ArmLinuxSdk53/gcc-arm-linux-gnueabihf/bin/../lib/gcc/arm-linux-gnueabihf/5.3.1/../../../../arm-linux-gnueabihf/lib]
    arg [-L/opt/ArmLinuxSdk53/gcc-arm-linux-gnueabihf/bin/../arm-linux-gnueabihf/libc/lib] ==> dir [/opt/ArmLinuxSdk53/gcc-arm-linux-gnueabihf/bin/../arm-linux-gnueabihf/libc/lib]
    arg [-L/opt/ArmLinuxSdk53/gcc-arm-linux-gnueabihf/bin/../arm-linux-gnueabihf/libc/usr/lib] ==> dir [/opt/ArmLinuxSdk53/gcc-arm-linux-gnueabihf/bin/../arm-linux-gnueabihf/libc/usr/lib]
    arg [-O1] ==> ignore
    arg [--hash-style=gnu] ==> ignore
    arg [--as-needed] ==> ignore
    arg [CMakeFiles/cmTC_cfdc9.dir/CMakeCXXCompilerABI.cpp.o] ==> ignore
    arg [-lstdc++] ==> lib [stdc++]
    arg [-lm] ==> lib [m]
    arg [-lgcc_s] ==> lib [gcc_s]
    arg [-lgcc] ==> lib [gcc]
    arg [-lc] ==> lib [c]
    arg [-lgcc_s] ==> lib [gcc_s]
    arg [-lgcc] ==> lib [gcc]
    arg [/opt/ArmLinuxSdk53/gcc-arm-linux-gnueabihf/bin/../lib/gcc/arm-linux-gnueabihf/5.3.1/crtend.o] ==> ignore
    arg [/opt/ArmLinuxSdk53/gcc-arm-linux-gnueabihf/bin/../arm-linux-gnueabihf/libc/usr/lib/crtn.o] ==> ignore
  collapse library dir [/opt/ArmLinuxSdk53/gcc-arm-linux-gnueabihf/bin/../lib/gcc/arm-linux-gnueabihf/5.3.1] ==> [/opt/ArmLinuxSdk53/gcc-arm-linux-gnueabihf/lib/gcc/arm-linux-gnueabihf/5.3.1]
  collapse library dir [/opt/ArmLinuxSdk53/gcc-arm-linux-gnueabihf/bin/../lib/gcc/arm-linux-gnueabihf] ==> [/opt/ArmLinuxSdk53/gcc-arm-linux-gnueabihf/lib/gcc/arm-linux-gnueabihf]
  collapse library dir [/opt/ArmLinuxSdk53/gcc-arm-linux-gnueabihf/bin/../lib/gcc] ==> [/opt/ArmLinuxSdk53/gcc-arm-linux-gnueabihf/lib/gcc]
  collapse library dir [/opt/ArmLinuxSdk53/gcc-arm-linux-gnueabihf/bin/../lib/gcc/arm-linux-gnueabihf/5.3.1/../../../../arm-linux-gnueabihf/lib] ==> [/opt/ArmLinuxSdk53/gcc-arm-linux-gnueabihf/arm-linux-gnueabihf/lib]
  collapse library dir [/opt/ArmLinuxSdk53/gcc-arm-linux-gnueabihf/bin/../arm-linux-gnueabihf/libc/lib] ==> [/opt/ArmLinuxSdk53/gcc-arm-linux-gnueabihf/arm-linux-gnueabihf/libc/lib]
  collapse library dir [/opt/ArmLinuxSdk53/gcc-arm-linux-gnueabihf/bin/../arm-linux-gnueabihf/libc/usr/lib] ==> [/opt/ArmLinuxSdk53/gcc-arm-linux-gnueabihf/arm-linux-gnueabihf/libc/usr/lib]
  implicit libs: [stdc++;m;gcc_s;gcc;c;gcc_s;gcc]
  implicit dirs: [/opt/ArmLinuxSdk53/gcc-arm-linux-gnueabihf/lib/gcc/arm-linux-gnueabihf/5.3.1;/opt/ArmLinuxSdk53/gcc-arm-linux-gnueabihf/lib/gcc/arm-linux-gnueabihf;/opt/ArmLinuxSdk53/gcc-arm-linux-gnueabihf/lib/gcc;/opt/ArmLinuxSdk53/gcc-arm-linux-gnueabihf/arm-linux-gnueabihf/lib;/opt/ArmLinuxSdk53/gcc-arm-linux-gnueabihf/arm-linux-gnueabihf/libc/lib;/opt/ArmLinuxSdk53/gcc-arm-linux-gnueabihf/arm-linux-gnueabihf/libc/usr/lib]
  implicit fwks: []




Detecting CXX [-std=c++1z] compiler features compiled with the following output:
Change Dir: /home/fchuanlin/datamodule/protocol/SimensCnc/Simens/libsiemenscnc/build/CMakeFiles/CMakeTmp

Run Build Command:"/usr/bin/gmake" "cmTC_0a55e/fast"
/usr/bin/gmake -f CMakeFiles/cmTC_0a55e.dir/build.make CMakeFiles/cmTC_0a55e.dir/build
gmake[1]: Entering directory '/home/fchuanlin/datamodule/protocol/SimensCnc/Simens/libsiemenscnc/build/CMakeFiles/CMakeTmp'
Building CXX object CMakeFiles/cmTC_0a55e.dir/feature_tests.cxx.o
/opt/ArmLinuxSdk53/gcc-arm-linux-gnueabihf/bin/arm-linux-gnueabihf-g++  -mcpu=cortex-a9    -O2 -pipe -g    -std=c++1z -o CMakeFiles/cmTC_0a55e.dir/feature_tests.cxx.o -c /home/fchuanlin/datamodule/protocol/SimensCnc/Simens/libsiemenscnc/build/CMakeFiles/feature_tests.cxx
Linking CXX executable cmTC_0a55e
/usr/bin/cmake -E cmake_link_script CMakeFiles/cmTC_0a55e.dir/link.txt --verbose=1
/opt/ArmLinuxSdk53/gcc-arm-linux-gnueabihf/bin/arm-linux-gnueabihf-g++  -mcpu=cortex-a9  -O2 -pipe -g   -Wl,-O1 -Wl,--hash-style=gnu -Wl,--as-needed  CMakeFiles/cmTC_0a55e.dir/feature_tests.cxx.o  -o cmTC_0a55e 
gmake[1]: Leaving directory '/home/fchuanlin/datamodule/protocol/SimensCnc/Simens/libsiemenscnc/build/CMakeFiles/CMakeTmp'


    Feature record: CXX_FEATURE:1cxx_aggregate_default_initializers
    Feature record: CXX_FEATURE:1cxx_alias_templates
    Feature record: CXX_FEATURE:1cxx_alignas
    Feature record: CXX_FEATURE:1cxx_alignof
    Feature record: CXX_FEATURE:1cxx_attributes
    Feature record: CXX_FEATURE:1cxx_attribute_deprecated
    Feature record: CXX_FEATURE:1cxx_auto_type
    Feature record: CXX_FEATURE:1cxx_binary_literals
    Feature record: CXX_FEATURE:1cxx_constexpr
    Feature record: CXX_FEATURE:1cxx_contextual_conversions
    Feature record: CXX_FEATURE:1cxx_decltype
    Feature record: CXX_FEATURE:1cxx_decltype_auto
    Feature record: CXX_FEATURE:1cxx_decltype_incomplete_return_types
    Feature record: CXX_FEATURE:1cxx_default_function_template_args
    Feature record: CXX_FEATURE:1cxx_defaulted_functions
    Feature record: CXX_FEATURE:1cxx_defaulted_move_initializers
    Feature record: CXX_FEATURE:1cxx_delegating_constructors
    Feature record: CXX_FEATURE:1cxx_deleted_functions
    Feature record: CXX_FEATURE:1cxx_digit_separators
    Feature record: CXX_FEATURE:1cxx_enum_forward_declarations
    Feature record: CXX_FEATURE:1cxx_explicit_conversions
    Feature record: CXX_FEATURE:1cxx_extended_friend_declarations
    Feature record: CXX_FEATURE:1cxx_extern_templates
    Feature record: CXX_FEATURE:1cxx_final
    Feature record: CXX_FEATURE:1cxx_func_identifier
    Feature record: CXX_FEATURE:1cxx_generalized_initializers
    Feature record: CXX_FEATURE:1cxx_generic_lambdas
    Feature record: CXX_FEATURE:1cxx_inheriting_constructors
    Feature record: CXX_FEATURE:1cxx_inline_namespaces
    Feature record: CXX_FEATURE:1cxx_lambdas
    Feature record: CXX_FEATURE:1cxx_lambda_init_captures
    Feature record: CXX_FEATURE:1cxx_local_type_template_args
    Feature record: CXX_FEATURE:1cxx_long_long_type
    Feature record: CXX_FEATURE:1cxx_noexcept
    Feature record: CXX_FEATURE:1cxx_nonstatic_member_init
    Feature record: CXX_FEATURE:1cxx_nullptr
    Feature record: CXX_FEATURE:1cxx_override
    Feature record: CXX_FEATURE:1cxx_range_for
    Feature record: CXX_FEATURE:1cxx_raw_string_literals
    Feature record: CXX_FEATURE:1cxx_reference_qualified_functions
    Feature record: CXX_FEATURE:1cxx_relaxed_constexpr
    Feature record: CXX_FEATURE:1cxx_return_type_deduction
    Feature record: CXX_FEATURE:1cxx_right_angle_brackets
    Feature record: CXX_FEATURE:1cxx_rvalue_references
    Feature record: CXX_FEATURE:1cxx_sizeof_member
    Feature record: CXX_FEATURE:1cxx_static_assert
    Feature record: CXX_FEATURE:1cxx_strong_enums
    Feature record: CXX_FEATURE:1cxx_template_template_parameters
    Feature record: CXX_FEATURE:1cxx_thread_local
    Feature record: CXX_FEATURE:1cxx_trailing_return_types
    Feature record: CXX_FEATURE:1cxx_unicode_literals
    Feature record: CXX_FEATURE:1cxx_uniform_initialization
    Feature record: CXX_FEATURE:1cxx_unrestricted_unions
    Feature record: CXX_FEATURE:1cxx_user_literals
    Feature record: CXX_FEATURE:1cxx_variable_templates
    Feature record: CXX_FEATURE:1cxx_variadic_macros
    Feature record: CXX_FEATURE:1cxx_variadic_templates


Detecting CXX [-std=c++14] compiler features compiled with the following output:
Change Dir: /home/fchuanlin/datamodule/protocol/SimensCnc/Simens/libsiemenscnc/build/CMakeFiles/CMakeTmp

Run Build Command:"/usr/bin/gmake" "cmTC_cc261/fast"
/usr/bin/gmake -f CMakeFiles/cmTC_cc261.dir/build.make CMakeFiles/cmTC_cc261.dir/build
gmake[1]: Entering directory '/home/fchuanlin/datamodule/protocol/SimensCnc/Simens/libsiemenscnc/build/CMakeFiles/CMakeTmp'
Building CXX object CMakeFiles/cmTC_cc261.dir/feature_tests.cxx.o
/opt/ArmLinuxSdk53/gcc-arm-linux-gnueabihf/bin/arm-linux-gnueabihf-g++  -mcpu=cortex-a9    -O2 -pipe -g    -std=c++14 -o CMakeFiles/cmTC_cc261.dir/feature_tests.cxx.o -c /home/fchuanlin/datamodule/protocol/SimensCnc/Simens/libsiemenscnc/build/CMakeFiles/feature_tests.cxx
Linking CXX executable cmTC_cc261
/usr/bin/cmake -E cmake_link_script CMakeFiles/cmTC_cc261.dir/link.txt --verbose=1
/opt/ArmLinuxSdk53/gcc-arm-linux-gnueabihf/bin/arm-linux-gnueabihf-g++  -mcpu=cortex-a9  -O2 -pipe -g   -Wl,-O1 -Wl,--hash-style=gnu -Wl,--as-needed  CMakeFiles/cmTC_cc261.dir/feature_tests.cxx.o  -o cmTC_cc261 
gmake[1]: Leaving directory '/home/fchuanlin/datamodule/protocol/SimensCnc/Simens/libsiemenscnc/build/CMakeFiles/CMakeTmp'


    Feature record: CXX_FEATURE:1cxx_aggregate_default_initializers
    Feature record: CXX_FEATURE:1cxx_alias_templates
    Feature record: CXX_FEATURE:1cxx_alignas
    Feature record: CXX_FEATURE:1cxx_alignof
    Feature record: CXX_FEATURE:1cxx_attributes
    Feature record: CXX_FEATURE:1cxx_attribute_deprecated
    Feature record: CXX_FEATURE:1cxx_auto_type
    Feature record: CXX_FEATURE:1cxx_binary_literals
    Feature record: CXX_FEATURE:1cxx_constexpr
    Feature record: CXX_FEATURE:1cxx_contextual_conversions
    Feature record: CXX_FEATURE:1cxx_decltype
    Feature record: CXX_FEATURE:1cxx_decltype_auto
    Feature record: CXX_FEATURE:1cxx_decltype_incomplete_return_types
    Feature record: CXX_FEATURE:1cxx_default_function_template_args
    Feature record: CXX_FEATURE:1cxx_defaulted_functions
    Feature record: CXX_FEATURE:1cxx_defaulted_move_initializers
    Feature record: CXX_FEATURE:1cxx_delegating_constructors
    Feature record: CXX_FEATURE:1cxx_deleted_functions
    Feature record: CXX_FEATURE:1cxx_digit_separators
    Feature record: CXX_FEATURE:1cxx_enum_forward_declarations
    Feature record: CXX_FEATURE:1cxx_explicit_conversions
    Feature record: CXX_FEATURE:1cxx_extended_friend_declarations
    Feature record: CXX_FEATURE:1cxx_extern_templates
    Feature record: CXX_FEATURE:1cxx_final
    Feature record: CXX_FEATURE:1cxx_func_identifier
    Feature record: CXX_FEATURE:1cxx_generalized_initializers
    Feature record: CXX_FEATURE:1cxx_generic_lambdas
    Feature record: CXX_FEATURE:1cxx_inheriting_constructors
    Feature record: CXX_FEATURE:1cxx_inline_namespaces
    Feature record: CXX_FEATURE:1cxx_lambdas
    Feature record: CXX_FEATURE:1cxx_lambda_init_captures
    Feature record: CXX_FEATURE:1cxx_local_type_template_args
    Feature record: CXX_FEATURE:1cxx_long_long_type
    Feature record: CXX_FEATURE:1cxx_noexcept
    Feature record: CXX_FEATURE:1cxx_nonstatic_member_init
    Feature record: CXX_FEATURE:1cxx_nullptr
    Feature record: CXX_FEATURE:1cxx_override
    Feature record: CXX_FEATURE:1cxx_range_for
    Feature record: CXX_FEATURE:1cxx_raw_string_literals
    Feature record: CXX_FEATURE:1cxx_reference_qualified_functions
    Feature record: CXX_FEATURE:1cxx_relaxed_constexpr
    Feature record: CXX_FEATURE:1cxx_return_type_deduction
    Feature record: CXX_FEATURE:1cxx_right_angle_brackets
    Feature record: CXX_FEATURE:1cxx_rvalue_references
    Feature record: CXX_FEATURE:1cxx_sizeof_member
    Feature record: CXX_FEATURE:1cxx_static_assert
    Feature record: CXX_FEATURE:1cxx_strong_enums
    Feature record: CXX_FEATURE:1cxx_template_template_parameters
    Feature record: CXX_FEATURE:1cxx_thread_local
    Feature record: CXX_FEATURE:1cxx_trailing_return_types
    Feature record: CXX_FEATURE:1cxx_unicode_literals
    Feature record: CXX_FEATURE:1cxx_uniform_initialization
    Feature record: CXX_FEATURE:1cxx_unrestricted_unions
    Feature record: CXX_FEATURE:1cxx_user_literals
    Feature record: CXX_FEATURE:1cxx_variable_templates
    Feature record: CXX_FEATURE:1cxx_variadic_macros
    Feature record: CXX_FEATURE:1cxx_variadic_templates


Detecting CXX [-std=c++11] compiler features compiled with the following output:
Change Dir: /home/fchuanlin/datamodule/protocol/SimensCnc/Simens/libsiemenscnc/build/CMakeFiles/CMakeTmp

Run Build Command:"/usr/bin/gmake" "cmTC_7f9f3/fast"
/usr/bin/gmake -f CMakeFiles/cmTC_7f9f3.dir/build.make CMakeFiles/cmTC_7f9f3.dir/build
gmake[1]: Entering directory '/home/fchuanlin/datamodule/protocol/SimensCnc/Simens/libsiemenscnc/build/CMakeFiles/CMakeTmp'
Building CXX object CMakeFiles/cmTC_7f9f3.dir/feature_tests.cxx.o
/opt/ArmLinuxSdk53/gcc-arm-linux-gnueabihf/bin/arm-linux-gnueabihf-g++  -mcpu=cortex-a9    -O2 -pipe -g    -std=c++11 -o CMakeFiles/cmTC_7f9f3.dir/feature_tests.cxx.o -c /home/fchuanlin/datamodule/protocol/SimensCnc/Simens/libsiemenscnc/build/CMakeFiles/feature_tests.cxx
Linking CXX executable cmTC_7f9f3
/usr/bin/cmake -E cmake_link_script CMakeFiles/cmTC_7f9f3.dir/link.txt --verbose=1
/opt/ArmLinuxSdk53/gcc-arm-linux-gnueabihf/bin/arm-linux-gnueabihf-g++  -mcpu=cortex-a9  -O2 -pipe -g   -Wl,-O1 -Wl,--hash-style=gnu -Wl,--as-needed  CMakeFiles/cmTC_7f9f3.dir/feature_tests.cxx.o  -o cmTC_7f9f3 
gmake[1]: Leaving directory '/home/fchuanlin/datamodule/protocol/SimensCnc/Simens/libsiemenscnc/build/CMakeFiles/CMakeTmp'


    Feature record: CXX_FEATURE:0cxx_aggregate_default_initializers
    Feature record: CXX_FEATURE:1cxx_alias_templates
    Feature record: CXX_FEATURE:1cxx_alignas
    Feature record: CXX_FEATURE:1cxx_alignof
    Feature record: CXX_FEATURE:1cxx_attributes
    Feature record: CXX_FEATURE:0cxx_attribute_deprecated
    Feature record: CXX_FEATURE:1cxx_auto_type
    Feature record: CXX_FEATURE:0cxx_binary_literals
    Feature record: CXX_FEATURE:1cxx_constexpr
    Feature record: CXX_FEATURE:0cxx_contextual_conversions
    Feature record: CXX_FEATURE:1cxx_decltype
    Feature record: CXX_FEATURE:0cxx_decltype_auto
    Feature record: CXX_FEATURE:1cxx_decltype_incomplete_return_types
    Feature record: CXX_FEATURE:1cxx_default_function_template_args
    Feature record: CXX_FEATURE:1cxx_defaulted_functions
    Feature record: CXX_FEATURE:1cxx_defaulted_move_initializers
    Feature record: CXX_FEATURE:1cxx_delegating_constructors
    Feature record: CXX_FEATURE:1cxx_deleted_functions
    Feature record: CXX_FEATURE:0cxx_digit_separators
    Feature record: CXX_FEATURE:1cxx_enum_forward_declarations
    Feature record: CXX_FEATURE:1cxx_explicit_conversions
    Feature record: CXX_FEATURE:1cxx_extended_friend_declarations
    Feature record: CXX_FEATURE:1cxx_extern_templates
    Feature record: CXX_FEATURE:1cxx_final
    Feature record: CXX_FEATURE:1cxx_func_identifier
    Feature record: CXX_FEATURE:1cxx_generalized_initializers
    Feature record: CXX_FEATURE:0cxx_generic_lambdas
    Feature record: CXX_FEATURE:1cxx_inheriting_constructors
    Feature record: CXX_FEATURE:1cxx_inline_namespaces
    Feature record: CXX_FEATURE:1cxx_lambdas
    Feature record: CXX_FEATURE:0cxx_lambda_init_captures
    Feature record: CXX_FEATURE:1cxx_local_type_template_args
    Feature record: CXX_FEATURE:1cxx_long_long_type
    Feature record: CXX_FEATURE:1cxx_noexcept
    Feature record: CXX_FEATURE:1cxx_nonstatic_member_init
    Feature record: CXX_FEATURE:1cxx_nullptr
    Feature record: CXX_FEATURE:1cxx_override
    Feature record: CXX_FEATURE:1cxx_range_for
    Feature record: CXX_FEATURE:1cxx_raw_string_literals
    Feature record: CXX_FEATURE:1cxx_reference_qualified_functions
    Feature record: CXX_FEATURE:0cxx_relaxed_constexpr
    Feature record: CXX_FEATURE:0cxx_return_type_deduction
    Feature record: CXX_FEATURE:1cxx_right_angle_brackets
    Feature record: CXX_FEATURE:1cxx_rvalue_references
    Feature record: CXX_FEATURE:1cxx_sizeof_member
    Feature record: CXX_FEATURE:1cxx_static_assert
    Feature record: CXX_FEATURE:1cxx_strong_enums
    Feature record: CXX_FEATURE:1cxx_template_template_parameters
    Feature record: CXX_FEATURE:1cxx_thread_local
    Feature record: CXX_FEATURE:1cxx_trailing_return_types
    Feature record: CXX_FEATURE:1cxx_unicode_literals
    Feature record: CXX_FEATURE:1cxx_uniform_initialization
    Feature record: CXX_FEATURE:1cxx_unrestricted_unions
    Feature record: CXX_FEATURE:1cxx_user_literals
    Feature record: CXX_FEATURE:0cxx_variable_templates
    Feature record: CXX_FEATURE:1cxx_variadic_macros
    Feature record: CXX_FEATURE:1cxx_variadic_templates


Detecting CXX [-std=c++98] compiler features compiled with the following output:
Change Dir: /home/fchuanlin/datamodule/protocol/SimensCnc/Simens/libsiemenscnc/build/CMakeFiles/CMakeTmp

Run Build Command:"/usr/bin/gmake" "cmTC_2b2a1/fast"
/usr/bin/gmake -f CMakeFiles/cmTC_2b2a1.dir/build.make CMakeFiles/cmTC_2b2a1.dir/build
gmake[1]: Entering directory '/home/fchuanlin/datamodule/protocol/SimensCnc/Simens/libsiemenscnc/build/CMakeFiles/CMakeTmp'
Building CXX object CMakeFiles/cmTC_2b2a1.dir/feature_tests.cxx.o
/opt/ArmLinuxSdk53/gcc-arm-linux-gnueabihf/bin/arm-linux-gnueabihf-g++  -mcpu=cortex-a9    -O2 -pipe -g    -std=c++98 -o CMakeFiles/cmTC_2b2a1.dir/feature_tests.cxx.o -c /home/fchuanlin/datamodule/protocol/SimensCnc/Simens/libsiemenscnc/build/CMakeFiles/feature_tests.cxx
Linking CXX executable cmTC_2b2a1
/usr/bin/cmake -E cmake_link_script CMakeFiles/cmTC_2b2a1.dir/link.txt --verbose=1
/opt/ArmLinuxSdk53/gcc-arm-linux-gnueabihf/bin/arm-linux-gnueabihf-g++  -mcpu=cortex-a9  -O2 -pipe -g   -Wl,-O1 -Wl,--hash-style=gnu -Wl,--as-needed  CMakeFiles/cmTC_2b2a1.dir/feature_tests.cxx.o  -o cmTC_2b2a1 
gmake[1]: Leaving directory '/home/fchuanlin/datamodule/protocol/SimensCnc/Simens/libsiemenscnc/build/CMakeFiles/CMakeTmp'


    Feature record: CXX_FEATURE:0cxx_aggregate_default_initializers
    Feature record: CXX_FEATURE:0cxx_alias_templates
    Feature record: CXX_FEATURE:0cxx_alignas
    Feature record: CXX_FEATURE:0cxx_alignof
    Feature record: CXX_FEATURE:0cxx_attributes
    Feature record: CXX_FEATURE:0cxx_attribute_deprecated
    Feature record: CXX_FEATURE:0cxx_auto_type
    Feature record: CXX_FEATURE:0cxx_binary_literals
    Feature record: CXX_FEATURE:0cxx_constexpr
    Feature record: CXX_FEATURE:0cxx_contextual_conversions
    Feature record: CXX_FEATURE:0cxx_decltype
    Feature record: CXX_FEATURE:0cxx_decltype_auto
    Feature record: CXX_FEATURE:0cxx_decltype_incomplete_return_types
    Feature record: CXX_FEATURE:0cxx_default_function_template_args
    Feature record: CXX_FEATURE:0cxx_defaulted_functions
    Feature record: CXX_FEATURE:0cxx_defaulted_move_initializers
    Feature record: CXX_FEATURE:0cxx_delegating_constructors
    Feature record: CXX_FEATURE:0cxx_deleted_functions
    Feature record: CXX_FEATURE:0cxx_digit_separators
    Feature record: CXX_FEATURE:0cxx_enum_forward_declarations
    Feature record: CXX_FEATURE:0cxx_explicit_conversions
    Feature record: CXX_FEATURE:0cxx_extended_friend_declarations
    Feature record: CXX_FEATURE:0cxx_extern_templates
    Feature record: CXX_FEATURE:0cxx_final
    Feature record: CXX_FEATURE:0cxx_func_identifier
    Feature record: CXX_FEATURE:0cxx_generalized_initializers
    Feature record: CXX_FEATURE:0cxx_generic_lambdas
    Feature record: CXX_FEATURE:0cxx_inheriting_constructors
    Feature record: CXX_FEATURE:0cxx_inline_namespaces
    Feature record: CXX_FEATURE:0cxx_lambdas
    Feature record: CXX_FEATURE:0cxx_lambda_init_captures
    Feature record: CXX_FEATURE:0cxx_local_type_template_args
    Feature record: CXX_FEATURE:0cxx_long_long_type
    Feature record: CXX_FEATURE:0cxx_noexcept
    Feature record: CXX_FEATURE:0cxx_nonstatic_member_init
    Feature record: CXX_FEATURE:0cxx_nullptr
    Feature record: CXX_FEATURE:0cxx_override
    Feature record: CXX_FEATURE:0cxx_range_for
    Feature record: CXX_FEATURE:0cxx_raw_string_literals
    Feature record: CXX_FEATURE:0cxx_reference_qualified_functions
    Feature record: CXX_FEATURE:0cxx_relaxed_constexpr
    Feature record: CXX_FEATURE:0cxx_return_type_deduction
    Feature record: CXX_FEATURE:0cxx_right_angle_brackets
    Feature record: CXX_FEATURE:0cxx_rvalue_references
    Feature record: CXX_FEATURE:0cxx_sizeof_member
    Feature record: CXX_FEATURE:0cxx_static_assert
    Feature record: CXX_FEATURE:0cxx_strong_enums
    Feature record: CXX_FEATURE:1cxx_template_template_parameters
    Feature record: CXX_FEATURE:0cxx_thread_local
    Feature record: CXX_FEATURE:0cxx_trailing_return_types
    Feature record: CXX_FEATURE:0cxx_unicode_literals
    Feature record: CXX_FEATURE:0cxx_uniform_initialization
    Feature record: CXX_FEATURE:0cxx_unrestricted_unions
    Feature record: CXX_FEATURE:0cxx_user_literals
    Feature record: CXX_FEATURE:0cxx_variable_templates
    Feature record: CXX_FEATURE:0cxx_variadic_macros
    Feature record: CXX_FEATURE:0cxx_variadic_templates
